<?xml version="1.0" encoding="UTF-8"?>
<!-- Generated by org.testng.reporters.JUnitXMLReporter -->
<testsuite ignored="4" hostname="MANSINGH" failures="0" tests="1" name="Test" time="2.529" errors="0" timestamp="2023-11-11T10:50:16 IST">
  <testcase classname="org.eva.vtigercrm5.core.BaseTest" name="@BeforeClass beforeTestCases" time="2.358">
    <failure type="java.lang.NullPointerException" message="Cannot invoke &amp;quot;com.aventstack.extentreports.ExtentTest.log(com.aventstack.extentreports.Status, String)&amp;quot; because &amp;quot;this.extTest&amp;quot; is null">
      <![CDATA[java.lang.NullPointerException: Cannot invoke "com.aventstack.extentreports.ExtentTest.log(com.aventstack.extentreports.Status, String)" because "this.extTest" is null
at org.eva.vtigercrm5.utils.WebUtil.statusAndResult(WebUtil.java:159)
at org.eva.vtigercrm5.utils.WebUtil.windowMaximize(WebUtil.java:536)
at org.eva.vtigercrm5.utils.WebUtil.launchBrowser(WebUtil.java:518)
at org.eva.vtigercrm5.core.BaseTest.beforeTestCases(BaseTest.java:59)
at java.base/java.util.ArrayList.forEach(ArrayList.java:1511)
... Removed 23 stack frames]]>
    </failure>
  </testcase> <!-- @BeforeClass beforeTestCases -->
  <testcase classname="org.eva.vtigercrm5.core.BaseTest" name="@BeforeMethod beforeMethod" time="0.0">
    <skipped/>
  </testcase> <!-- @BeforeMethod beforeMethod -->
  <testcase classname="org.eva.vtigercrm5.core.BaseTest" name="@AfterMethod afterMethod" time="0.0">
    <skipped/>
  </testcase> <!-- @AfterMethod afterMethod -->
  <testcase classname="org.eva.vtigercrm5.core.BaseTest" name="@AfterClass afterClass" time="0.0">
    <skipped/>
  </testcase> <!-- @AfterClass afterClass -->
  <testcase classname="org.eva.vtigercrm5.marketingtestscripts.MarketingAccountTestScripts" name="verifyVT003SearchAccount" time="0.0">
    <skipped/>
  </testcase> <!-- verifyVT003SearchAccount -->
  <testcase classname="org.eva.vtigercrm5.marketingtestscripts.MarketingAccountTestScripts" name="verifyVT002DeleteAccount" time="0.0">
    <ignored/>
  </testcase> <!-- verifyVT002DeleteAccount -->
  <testcase classname="org.eva.vtigercrm5.marketingtestscripts.MarketingAccountTestScripts" name="verifyVT005AccountEditable" time="0.0">
    <ignored/>
  </testcase> <!-- verifyVT005AccountEditable -->
  <testcase classname="org.eva.vtigercrm5.marketingtestscripts.MarketingAccountTestScripts" name="verifyVT001CreateAccount" time="0.0">
    <ignored/>
  </testcase> <!-- verifyVT001CreateAccount -->
  <testcase classname="org.eva.vtigercrm5.marketingtestscripts.MarketingAccountTestScripts" name="verifyVT004DuplicateAccount" time="0.0">
    <ignored/>
  </testcase> <!-- verifyVT004DuplicateAccount -->
</testsuite> <!-- Test -->
